\BOOKMARK [1][-]{section.1}{Tags}{}% 1
\BOOKMARK [2][-]{subsection.1.1}{UD}{section.1}% 2
\BOOKMARK [2][-]{subsection.1.2}{AnnCorra}{section.1}% 3
\BOOKMARK [1][-]{section.2}{Linguistic Challenges with Annotation}{}% 4
\BOOKMARK [1][-]{section.3}{Tag Statistics}{}% 5
\BOOKMARK [2][-]{subsection.3.1}{Tag and Markers}{section.3}% 6
\BOOKMARK [2][-]{subsection.3.2}{Markers and Tag}{section.3}% 7
\BOOKMARK [2][-]{subsection.3.3}{N-gram of tags}{section.3}% 8
\BOOKMARK [3][-]{subsubsection.3.3.1}{2-grams, UD}{subsection.3.3}% 9
\BOOKMARK [3][-]{subsubsection.3.3.2}{3-grams, UD}{subsection.3.3}% 10
\BOOKMARK [3][-]{subsubsection.3.3.3}{4-grams, UD}{subsection.3.3}% 11
\BOOKMARK [3][-]{subsubsection.3.3.4}{2-grams, AnnCorra}{subsection.3.3}% 12
\BOOKMARK [3][-]{subsubsection.3.3.5}{3-grams, AnnCorra}{subsection.3.3}% 13
\BOOKMARK [3][-]{subsubsection.3.3.6}{4-grams, AnnCorra}{subsection.3.3}% 14
\BOOKMARK [1][-]{section.4}{Error Analysis for automatic tagging}{}% 15
\BOOKMARK [2][-]{subsection.4.1}{Comparison against UD Data}{section.4}% 16
\BOOKMARK [2][-]{subsection.4.2}{Example analysis}{section.4}% 17
\BOOKMARK [1][-]{section.5}{Discussion}{}% 18
\BOOKMARK [2][-]{subsection.5.1}{Comparison of UD and AnnCorra}{section.5}% 19
\BOOKMARK [2][-]{subsection.5.2}{Need for new tags}{section.5}% 20
\BOOKMARK [3][-]{subsubsection.5.2.1}{Intra-Chunk}{subsection.5.2}% 21
\BOOKMARK [3][-]{subsubsection.5.2.2}{Inter-Chunk}{subsection.5.2}% 22
